[  0%] Built target roscpp_generate_messages_cpp
[  0%] Built target geometry_msgs_generate_messages_py
[  0%] Built target roscpp_generate_messages_eus
[  0%] Built target roscpp_generate_messages_nodejs
[  0%] Built target rosgraph_msgs_generate_messages_cpp
[  0%] Built target rosgraph_msgs_generate_messages_eus
[  0%] Built target rosgraph_msgs_generate_messages_lisp
[  0%] Built target roscpp_generate_messages_py
[  0%] Built target roscpp_generate_messages_lisp
[  0%] Built target rosgraph_msgs_generate_messages_py
[  0%] Built target rosgraph_msgs_generate_messages_nodejs
[  0%] Built target std_msgs_generate_messages_eus
[  0%] Built target std_msgs_generate_messages_cpp
[  0%] Built target std_msgs_generate_messages_lisp
[  0%] Built target std_msgs_generate_messages_nodejs
[  0%] Built target ius_msgs_generate_messages_nodejs
[  0%] Built target ius_msgs_generate_messages_lisp
[  0%] Built target std_msgs_generate_messages_py
[  0%] Built target ius_msgs_generate_messages_py
[  0%] Built target sensor_msgs_generate_messages_cpp
[  0%] Built target sensor_msgs_generate_messages_lisp
[  0%] Built target ius_msgs_generate_messages_cpp
[  0%] Built target sensor_msgs_generate_messages_eus
[  0%] Built target sensor_msgs_generate_messages_py
[  0%] Built target geometry_msgs_generate_messages_cpp
[  0%] Built target geometry_msgs_generate_messages_eus
[  0%] Built target ius_msgs_generate_messages_eus
[  0%] Built target geometry_msgs_generate_messages_lisp
[  0%] Built target sensor_msgs_generate_messages_nodejs
[  0%] Built target geometry_msgs_generate_messages_nodejs
[ 50%] [32mBuilding CXX object CMakeFiles/ius_planner_exp_node.dir/src/main_exp.cpp.o[0m
In file included from [01m[K/home/sly1/fly/src/control/ius_planner/include/ius_planner/planner.h:5[m[K,
                 from [01m[K/home/sly1/fly/src/control/ius_planner/src/main_exp.cpp:3[m[K:
[01m[K/home/sly1/fly/src/ego-planner/src/planner/traj_utils/include/traj_utils/polynomial_traj.h:[m[K In member function ‘[01m[Kdouble PolynomialTraj::getMeanVel()[m[K’:
[01m[K/home/sly1/fly/src/ego-planner/src/planner/traj_utils/include/traj_utils/polynomial_traj.h:198:3:[m[K [01;35m[Kwarning: [m[Kno return statement in function returning non-void [[01;35m[K-Wreturn-type[m[K]
  198 |   [01;35m[K}[m[K
      |   [01;35m[K^[m[K
[100%] [32m[1mLinking CXX executable /home/sly1/fly/devel/.private/ius_planner/lib/ius_planner/ius_planner_exp_node[0m
[100%] Built target ius_planner_exp_node
