Symlinking /home/fractal-wsl/fly/devel/share/ego_planner/cmake/ego_planner-msg-extras.cmake
Symlinking /home/fractal-wsl/fly/devel/share/ego_planner/cmake/ego_planner-msg-paths.cmake
Symlinking /home/fractal-wsl/fly/devel/share/ego_planner/cmake/ego_plannerConfig.cmake
Symlinking /home/fractal-wsl/fly/devel/share/ego_planner/cmake/ego_plannerConfig-version.cmake
Symlinking /home/fractal-wsl/fly/devel/share/common-lisp/ros/ego_planner/msg/_package_DataDisp.lisp
Symlinking /home/fractal-wsl/fly/devel/share/common-lisp/ros/ego_planner/msg/DataDisp.lisp
Symlinking /home/fractal-wsl/fly/devel/share/common-lisp/ros/ego_planner/msg/_package.lisp
Symlinking /home/fractal-wsl/fly/devel/share/common-lisp/ros/ego_planner/msg/ego_planner-msg.asd
Symlinking /home/fractal-wsl/fly/devel/share/common-lisp/ros/ego_planner/msg/Bspline.lisp
Symlinking /home/fractal-wsl/fly/devel/share/common-lisp/ros/ego_planner/msg/_package_Bspline.lisp
Symlinking /home/fractal-wsl/fly/devel/share/roseus/ros/ego_planner/manifest.l
Symlinking /home/fractal-wsl/fly/devel/share/roseus/ros/ego_planner/msg/DataDisp.l
Symlinking /home/fractal-wsl/fly/devel/share/roseus/ros/ego_planner/msg/Bspline.l
Symlinking /home/fractal-wsl/fly/devel/share/gennodejs/ros/ego_planner/_index.js
Symlinking /home/fractal-wsl/fly/devel/share/gennodejs/ros/ego_planner/msg/DataDisp.js
Symlinking /home/fractal-wsl/fly/devel/share/gennodejs/ros/ego_planner/msg/Bspline.js
Symlinking /home/fractal-wsl/fly/devel/share/gennodejs/ros/ego_planner/msg/_index.js
Symlinking /home/fractal-wsl/fly/devel/lib/pkgconfig/ego_planner.pc
Symlinking /home/fractal-wsl/fly/devel/lib/ego_planner/traj_server
Symlinking /home/fractal-wsl/fly/devel/lib/ego_planner/ego_planner_node
Symlinking /home/fractal-wsl/fly/devel/lib/python3/dist-packages/ego_planner/__init__.py
Symlinking /home/fractal-wsl/fly/devel/lib/python3/dist-packages/ego_planner/msg/__init__.py
Symlinking /home/fractal-wsl/fly/devel/lib/python3/dist-packages/ego_planner/msg/_Bspline.py
Symlinking /home/fractal-wsl/fly/devel/lib/python3/dist-packages/ego_planner/msg/_DataDisp.py
Symlinking /home/fractal-wsl/fly/devel/include/ego_planner/Bspline.h
Symlinking /home/fractal-wsl/fly/devel/include/ego_planner/DataDisp.h
