[  0%] Built target std_msgs_generate_messages_py
[  0%] Built target geometry_msgs_generate_messages_py
[  0%] Built target geometry_msgs_generate_messages_lisp
[  0%] Built target geometry_msgs_generate_messages_cpp
[  0%] Built target std_msgs_generate_messages_cpp
[  0%] Built target std_msgs_generate_messages_eus
[  0%] Built target geometry_msgs_generate_messages_eus
[  0%] Built target std_msgs_generate_messages_lisp
[  0%] Built target geometry_msgs_generate_messages_nodejs
[  0%] Built target std_msgs_generate_messages_nodejs
[  0%] Built target _ego_planner_generate_messages_check_deps_DataDisp
[  0%] Built target _ego_planner_generate_messages_check_deps_Bspline
[ 33%] Built target ego_planner_generate_messages_py
[ 33%] Built target ego_planner_generate_messages_eus
[ 55%] Built target ego_planner_generate_messages_lisp
[ 55%] Built target ego_planner_generate_messages_cpp
[ 66%] Built target ego_planner_generate_messages_nodejs
[ 66%] Built target ego_planner_generate_messages
[ 77%] Built target traj_server
[100%] Built target ego_planner_node
