[  0%] Built target geometry_msgs_generate_messages_py
[  0%] Built target geometry_msgs_generate_messages_cpp
[  0%] Built target geometry_msgs_generate_messages_eus
[  0%] Built target geometry_msgs_generate_messages_lisp
[  0%] Built target geometry_msgs_generate_messages_nodejs
[  0%] Built target std_msgs_generate_messages_py
[  0%] Built target std_msgs_generate_messages_cpp
[  0%] Built target std_msgs_generate_messages_eus
[  0%] Built target std_msgs_generate_messages_lisp
[  0%] Built target std_msgs_generate_messages_nodejs
[  0%] Built target _faster_lio_generate_messages_check_deps_Pose6D
[  0%] Built target _livox_ros_driver_generate_messages_check_deps_CustomMsg
[  0%] Built target _livox_ros_driver_generate_messages_check_deps_CustomPoint
[  3%] [34m[1mGenerating C++ code from livox_ros_driver/CustomPoint.msg[0m
[  7%] [34m[1mGenerating EusLisp code from faster_lio/Pose6D.msg[0m
[ 10%] [34m[1mGenerating Python from MSG faster_lio/Pose6D[0m
[ 14%] [34m[1mGenerating Lisp code from faster_lio/Pose6D.msg[0m
[ 21%] [34m[1mGenerating C++ code from faster_lio/Pose6D.msg[0m
[ 17%] [34m[1mGenerating C++ code from livox_ros_driver/CustomMsg.msg[0m
[ 25%] [34m[1mGenerating EusLisp manifest code for faster_lio[0m
[ 28%] [34m[1mGenerating Javascript code from faster_lio/Pose6D.msg[0m
[ 32%] [34m[1mGenerating Python from MSG livox_ros_driver/CustomPoint[0m
[ 35%] [34m[1mGenerating Python from MSG livox_ros_driver/CustomMsg[0m
[ 42%] [34m[1mGenerating EusLisp code from livox_ros_driver/CustomPoint.msg[0m
[ 42%] [34m[1mGenerating EusLisp manifest code for livox_ros_driver[0m
[ 46%] [34m[1mGenerating EusLisp code from livox_ros_driver/CustomMsg.msg[0m
[ 50%] [34m[1mGenerating Lisp code from livox_ros_driver/CustomPoint.msg[0m
[ 53%] [34m[1mGenerating Lisp code from livox_ros_driver/CustomMsg.msg[0m
[ 57%] [34m[1mGenerating Javascript code from livox_ros_driver/CustomPoint.msg[0m
[ 60%] [34m[1mGenerating Javascript code from livox_ros_driver/CustomMsg.msg[0m
[ 60%] Built target faster_lio_generate_messages_lisp
[ 60%] Built target faster_lio_generate_messages_nodejs
[ 60%] Built target livox_ros_driver_generate_messages_lisp
[ 60%] Built target livox_ros_driver_generate_messages_nodejs
[ 60%] Built target faster_lio_generate_messages_cpp
[ 60%] Built target faster_lio_gencpp
[ 60%] Built target livox_ros_driver_generate_messages_cpp
[ 60%] Built target livox_ros_driver_gencpp
[ 67%] [32mBuilding CXX object src/CMakeFiles/faster_lio.dir/laser_mapping.cc.o[0m
[ 67%] [32mBuilding CXX object src/CMakeFiles/faster_lio.dir/pointcloud_preprocess.cc.o[0m
[ 75%] [32mBuilding CXX object src/CMakeFiles/faster_lio.dir/utils.cc.o[0m
[ 75%] [32mBuilding CXX object src/CMakeFiles/faster_lio.dir/options.cc.o[0m
[ 78%] [34m[1mGenerating Python msg __init__.py for faster_lio[0m
[ 82%] [34m[1mGenerating Python msg __init__.py for livox_ros_driver[0m
[ 82%] Built target faster_lio_generate_messages_py
[ 82%] Built target livox_ros_driver_generate_messages_py
[33m[WARNING] livox_ros_driver is not found in workspace[0m
[ 82%] Built target livox_ros_driver_generate_messages_eus
[ 82%] Built target faster_lio_generate_messages_eus
[ 82%] Built target faster_lio_generate_messages
[ 82%] Built target livox_ros_driver_generate_messages
[ 85%] [32m[1mLinking CXX shared library /home/fractal/fly/devel/.private/faster_lio/lib/libfaster_lio.so[0m
[ 85%] Built target faster_lio
[ 89%] [32mBuilding CXX object app/CMakeFiles/run_mapping_online.dir/run_mapping_online.cc.o[0m
[ 92%] [32mBuilding CXX object app/CMakeFiles/run_mapping_offline.dir/run_mapping_offline.cc.o[0m
[ 96%] [32m[1mLinking CXX executable /home/fractal/fly/devel/.private/faster_lio/lib/faster_lio/run_mapping_online[0m
[ 96%] Built target run_mapping_online
[100%] [32m[1mLinking CXX executable /home/fractal/fly/devel/.private/faster_lio/lib/faster_lio/run_mapping_offline[0m
[100%] Built target run_mapping_offline
