[  0%] Built target geometry_msgs_generate_messages_py
[  0%] Built target geometry_msgs_generate_messages_cpp
[  0%] Built target geometry_msgs_generate_messages_lisp
[  0%] Built target geometry_msgs_generate_messages_eus
[  0%] Built target geometry_msgs_generate_messages_nodejs
[  0%] Built target std_msgs_generate_messages_py
[  0%] Built target std_msgs_generate_messages_cpp
[  0%] Built target std_msgs_generate_messages_nodejs
[  0%] Built target std_msgs_generate_messages_lisp
[  0%] Built target std_msgs_generate_messages_eus
[  0%] Built target _faster_lio_generate_messages_check_deps_Pose6D
[  0%] Built target _livox_ros_driver_generate_messages_check_deps_CustomMsg
[  7%] Built target faster_lio_generate_messages_py
[ 14%] Built target faster_lio_generate_messages_eus
[ 17%] Built target faster_lio_generate_messages_cpp
[ 21%] Built target faster_lio_generate_messages_nodejs
[ 21%] Built target _livox_ros_driver_generate_messages_check_deps_CustomPoint
[ 25%] Built target faster_lio_generate_messages_lisp
[ 25%] Built target faster_lio_gencpp
[ 35%] Built target livox_ros_driver_generate_messages_py
[ 42%] Built target livox_ros_driver_generate_messages_cpp
[ 50%] Built target livox_ros_driver_generate_messages_lisp
[ 60%] Built target livox_ros_driver_generate_messages_eus
[ 67%] Built target livox_ros_driver_generate_messages_nodejs
[ 67%] Built target faster_lio_generate_messages
[ 67%] Built target livox_ros_driver_gencpp
[ 67%] Built target livox_ros_driver_generate_messages
[ 85%] Built target faster_lio
[ 92%] Built target run_mapping_online
[100%] Built target run_mapping_offline
