Symlinking /home/sly1/fly/devel/share/gennodejs/ros/livox_ros_driver/_index.js
Symlinking /home/sly1/fly/devel/share/gennodejs/ros/livox_ros_driver/msg/CustomPoint.js
Symlinking /home/sly1/fly/devel/share/gennodejs/ros/livox_ros_driver/msg/_index.js
Symlinking /home/sly1/fly/devel/share/gennodejs/ros/livox_ros_driver/msg/CustomMsg.js
Symlinking /home/sly1/fly/devel/share/gennodejs/ros/faster_lio/_index.js
Symlinking /home/sly1/fly/devel/share/gennodejs/ros/faster_lio/msg/Pose6D.js
Symlinking /home/sly1/fly/devel/share/gennodejs/ros/faster_lio/msg/_index.js
Symlinking /home/sly1/fly/devel/share/livox_ros_driver/cmake/livox_ros_driver-msg-paths.cmake
Symlinking /home/sly1/fly/devel/share/common-lisp/ros/livox_ros_driver/msg/CustomPoint.lisp
Symlinking /home/sly1/fly/devel/share/common-lisp/ros/livox_ros_driver/msg/_package_CustomMsg.lisp
Symlinking /home/sly1/fly/devel/share/common-lisp/ros/livox_ros_driver/msg/CustomMsg.lisp
Symlinking /home/sly1/fly/devel/share/common-lisp/ros/livox_ros_driver/msg/livox_ros_driver-msg.asd
Symlinking /home/sly1/fly/devel/share/common-lisp/ros/livox_ros_driver/msg/_package.lisp
Symlinking /home/sly1/fly/devel/share/common-lisp/ros/livox_ros_driver/msg/_package_CustomPoint.lisp
Symlinking /home/sly1/fly/devel/share/common-lisp/ros/faster_lio/msg/_package_Pose6D.lisp
Symlinking /home/sly1/fly/devel/share/common-lisp/ros/faster_lio/msg/_package.lisp
Symlinking /home/sly1/fly/devel/share/common-lisp/ros/faster_lio/msg/Pose6D.lisp
Symlinking /home/sly1/fly/devel/share/common-lisp/ros/faster_lio/msg/faster_lio-msg.asd
Symlinking /home/sly1/fly/devel/share/roseus/ros/livox_ros_driver/manifest.l
Symlinking /home/sly1/fly/devel/share/roseus/ros/livox_ros_driver/msg/CustomPoint.l
Symlinking /home/sly1/fly/devel/share/roseus/ros/livox_ros_driver/msg/CustomMsg.l
Symlinking /home/sly1/fly/devel/share/roseus/ros/faster_lio/manifest.l
Symlinking /home/sly1/fly/devel/share/roseus/ros/faster_lio/msg/Pose6D.l
Symlinking /home/sly1/fly/devel/share/faster_lio/cmake/faster_lioConfig-version.cmake
Symlinking /home/sly1/fly/devel/share/faster_lio/cmake/faster_lioConfig.cmake
Symlinking /home/sly1/fly/devel/share/faster_lio/cmake/faster_lio-msg-paths.cmake
Symlinking /home/sly1/fly/devel/share/faster_lio/cmake/faster_lio-msg-extras.cmake
Symlinking /home/sly1/fly/devel/include/livox_ros_driver/CustomMsg.h
Symlinking /home/sly1/fly/devel/include/livox_ros_driver/CustomPoint.h
Symlinking /home/sly1/fly/devel/include/faster_lio/Pose6D.h
Symlinking /home/sly1/fly/devel/lib/libfaster_lio.so
Symlinking /home/sly1/fly/devel/lib/python3/dist-packages/livox_ros_driver/__init__.py
Symlinking /home/sly1/fly/devel/lib/python3/dist-packages/livox_ros_driver/msg/__init__.py
Symlinking /home/sly1/fly/devel/lib/python3/dist-packages/livox_ros_driver/msg/_CustomMsg.py
Symlinking /home/sly1/fly/devel/lib/python3/dist-packages/livox_ros_driver/msg/_CustomPoint.py
Symlinking /home/sly1/fly/devel/lib/python3/dist-packages/faster_lio/__init__.py
Symlinking /home/sly1/fly/devel/lib/python3/dist-packages/faster_lio/msg/__init__.py
Symlinking /home/sly1/fly/devel/lib/python3/dist-packages/faster_lio/msg/_Pose6D.py
Symlinking /home/sly1/fly/devel/lib/pkgconfig/faster_lio.pc
Symlinking /home/sly1/fly/devel/lib/faster_lio/run_mapping_offline
Symlinking /home/sly1/fly/devel/lib/faster_lio/run_mapping_online
