Linked: (/home/sly1/fly/devel/.private/faster_lio/share/gennodejs/ros/livox_ros_driver/_index.js, /home/sly1/fly/devel/share/gennodejs/ros/livox_ros_driver/_index.js)
Linked: (/home/sly1/fly/devel/.private/faster_lio/share/gennodejs/ros/livox_ros_driver/msg/CustomPoint.js, /home/sly1/fly/devel/share/gennodejs/ros/livox_ros_driver/msg/CustomPoint.js)
Linked: (/home/sly1/fly/devel/.private/faster_lio/share/gennodejs/ros/livox_ros_driver/msg/_index.js, /home/sly1/fly/devel/share/gennodejs/ros/livox_ros_driver/msg/_index.js)
Linked: (/home/sly1/fly/devel/.private/faster_lio/share/gennodejs/ros/livox_ros_driver/msg/CustomMsg.js, /home/sly1/fly/devel/share/gennodejs/ros/livox_ros_driver/msg/CustomMsg.js)
Linked: (/home/sly1/fly/devel/.private/faster_lio/share/gennodejs/ros/faster_lio/_index.js, /home/sly1/fly/devel/share/gennodejs/ros/faster_lio/_index.js)
Linked: (/home/sly1/fly/devel/.private/faster_lio/share/gennodejs/ros/faster_lio/msg/Pose6D.js, /home/sly1/fly/devel/share/gennodejs/ros/faster_lio/msg/Pose6D.js)
Linked: (/home/sly1/fly/devel/.private/faster_lio/share/gennodejs/ros/faster_lio/msg/_index.js, /home/sly1/fly/devel/share/gennodejs/ros/faster_lio/msg/_index.js)
Linked: (/home/sly1/fly/devel/.private/faster_lio/share/livox_ros_driver/cmake/livox_ros_driver-msg-paths.cmake, /home/sly1/fly/devel/share/livox_ros_driver/cmake/livox_ros_driver-msg-paths.cmake)
Linked: (/home/sly1/fly/devel/.private/faster_lio/share/common-lisp/ros/livox_ros_driver/msg/CustomPoint.lisp, /home/sly1/fly/devel/share/common-lisp/ros/livox_ros_driver/msg/CustomPoint.lisp)
Linked: (/home/sly1/fly/devel/.private/faster_lio/share/common-lisp/ros/livox_ros_driver/msg/_package_CustomMsg.lisp, /home/sly1/fly/devel/share/common-lisp/ros/livox_ros_driver/msg/_package_CustomMsg.lisp)
Linked: (/home/sly1/fly/devel/.private/faster_lio/share/common-lisp/ros/livox_ros_driver/msg/CustomMsg.lisp, /home/sly1/fly/devel/share/common-lisp/ros/livox_ros_driver/msg/CustomMsg.lisp)
Linked: (/home/sly1/fly/devel/.private/faster_lio/share/common-lisp/ros/livox_ros_driver/msg/livox_ros_driver-msg.asd, /home/sly1/fly/devel/share/common-lisp/ros/livox_ros_driver/msg/livox_ros_driver-msg.asd)
Linked: (/home/sly1/fly/devel/.private/faster_lio/share/common-lisp/ros/livox_ros_driver/msg/_package.lisp, /home/sly1/fly/devel/share/common-lisp/ros/livox_ros_driver/msg/_package.lisp)
Linked: (/home/sly1/fly/devel/.private/faster_lio/share/common-lisp/ros/livox_ros_driver/msg/_package_CustomPoint.lisp, /home/sly1/fly/devel/share/common-lisp/ros/livox_ros_driver/msg/_package_CustomPoint.lisp)
Linked: (/home/sly1/fly/devel/.private/faster_lio/share/common-lisp/ros/faster_lio/msg/_package_Pose6D.lisp, /home/sly1/fly/devel/share/common-lisp/ros/faster_lio/msg/_package_Pose6D.lisp)
Linked: (/home/sly1/fly/devel/.private/faster_lio/share/common-lisp/ros/faster_lio/msg/_package.lisp, /home/sly1/fly/devel/share/common-lisp/ros/faster_lio/msg/_package.lisp)
Linked: (/home/sly1/fly/devel/.private/faster_lio/share/common-lisp/ros/faster_lio/msg/Pose6D.lisp, /home/sly1/fly/devel/share/common-lisp/ros/faster_lio/msg/Pose6D.lisp)
Linked: (/home/sly1/fly/devel/.private/faster_lio/share/common-lisp/ros/faster_lio/msg/faster_lio-msg.asd, /home/sly1/fly/devel/share/common-lisp/ros/faster_lio/msg/faster_lio-msg.asd)
Linked: (/home/sly1/fly/devel/.private/faster_lio/share/roseus/ros/livox_ros_driver/manifest.l, /home/sly1/fly/devel/share/roseus/ros/livox_ros_driver/manifest.l)
Linked: (/home/sly1/fly/devel/.private/faster_lio/share/roseus/ros/livox_ros_driver/msg/CustomPoint.l, /home/sly1/fly/devel/share/roseus/ros/livox_ros_driver/msg/CustomPoint.l)
Linked: (/home/sly1/fly/devel/.private/faster_lio/share/roseus/ros/livox_ros_driver/msg/CustomMsg.l, /home/sly1/fly/devel/share/roseus/ros/livox_ros_driver/msg/CustomMsg.l)
Linked: (/home/sly1/fly/devel/.private/faster_lio/share/roseus/ros/faster_lio/manifest.l, /home/sly1/fly/devel/share/roseus/ros/faster_lio/manifest.l)
Linked: (/home/sly1/fly/devel/.private/faster_lio/share/roseus/ros/faster_lio/msg/Pose6D.l, /home/sly1/fly/devel/share/roseus/ros/faster_lio/msg/Pose6D.l)
Linked: (/home/sly1/fly/devel/.private/faster_lio/share/faster_lio/cmake/faster_lioConfig-version.cmake, /home/sly1/fly/devel/share/faster_lio/cmake/faster_lioConfig-version.cmake)
Linked: (/home/sly1/fly/devel/.private/faster_lio/share/faster_lio/cmake/faster_lioConfig.cmake, /home/sly1/fly/devel/share/faster_lio/cmake/faster_lioConfig.cmake)
Linked: (/home/sly1/fly/devel/.private/faster_lio/share/faster_lio/cmake/faster_lio-msg-paths.cmake, /home/sly1/fly/devel/share/faster_lio/cmake/faster_lio-msg-paths.cmake)
Linked: (/home/sly1/fly/devel/.private/faster_lio/share/faster_lio/cmake/faster_lio-msg-extras.cmake, /home/sly1/fly/devel/share/faster_lio/cmake/faster_lio-msg-extras.cmake)
Linked: (/home/sly1/fly/devel/.private/faster_lio/include/livox_ros_driver/CustomMsg.h, /home/sly1/fly/devel/include/livox_ros_driver/CustomMsg.h)
Linked: (/home/sly1/fly/devel/.private/faster_lio/include/livox_ros_driver/CustomPoint.h, /home/sly1/fly/devel/include/livox_ros_driver/CustomPoint.h)
Linked: (/home/sly1/fly/devel/.private/faster_lio/include/faster_lio/Pose6D.h, /home/sly1/fly/devel/include/faster_lio/Pose6D.h)
Linked: (/home/sly1/fly/devel/.private/faster_lio/lib/libfaster_lio.so, /home/sly1/fly/devel/lib/libfaster_lio.so)
Linked: (/home/sly1/fly/devel/.private/faster_lio/lib/python3/dist-packages/livox_ros_driver/__init__.py, /home/sly1/fly/devel/lib/python3/dist-packages/livox_ros_driver/__init__.py)
Linked: (/home/sly1/fly/devel/.private/faster_lio/lib/python3/dist-packages/livox_ros_driver/msg/__init__.py, /home/sly1/fly/devel/lib/python3/dist-packages/livox_ros_driver/msg/__init__.py)
Linked: (/home/sly1/fly/devel/.private/faster_lio/lib/python3/dist-packages/livox_ros_driver/msg/_CustomMsg.py, /home/sly1/fly/devel/lib/python3/dist-packages/livox_ros_driver/msg/_CustomMsg.py)
Linked: (/home/sly1/fly/devel/.private/faster_lio/lib/python3/dist-packages/livox_ros_driver/msg/_CustomPoint.py, /home/sly1/fly/devel/lib/python3/dist-packages/livox_ros_driver/msg/_CustomPoint.py)
Linked: (/home/sly1/fly/devel/.private/faster_lio/lib/python3/dist-packages/faster_lio/__init__.py, /home/sly1/fly/devel/lib/python3/dist-packages/faster_lio/__init__.py)
Linked: (/home/sly1/fly/devel/.private/faster_lio/lib/python3/dist-packages/faster_lio/msg/__init__.py, /home/sly1/fly/devel/lib/python3/dist-packages/faster_lio/msg/__init__.py)
Linked: (/home/sly1/fly/devel/.private/faster_lio/lib/python3/dist-packages/faster_lio/msg/_Pose6D.py, /home/sly1/fly/devel/lib/python3/dist-packages/faster_lio/msg/_Pose6D.py)
Linked: (/home/sly1/fly/devel/.private/faster_lio/lib/pkgconfig/faster_lio.pc, /home/sly1/fly/devel/lib/pkgconfig/faster_lio.pc)
Linked: (/home/sly1/fly/devel/.private/faster_lio/lib/faster_lio/run_mapping_offline, /home/sly1/fly/devel/lib/faster_lio/run_mapping_offline)
Linked: (/home/sly1/fly/devel/.private/faster_lio/lib/faster_lio/run_mapping_online, /home/sly1/fly/devel/lib/faster_lio/run_mapping_online)
