[  0%] Built target geometry_msgs_generate_messages_eus
[  0%] Built target geometry_msgs_generate_messages_lisp
[  0%] Built target geometry_msgs_generate_messages_py
[  0%] Built target geometry_msgs_generate_messages_cpp
[  0%] Built target std_msgs_generate_messages_py
[  0%] Built target geometry_msgs_generate_messages_nodejs
[  0%] Built target std_msgs_generate_messages_cpp
[  0%] Built target std_msgs_generate_messages_eus
[  0%] Built target std_msgs_generate_messages_lisp
[  0%] Built target std_msgs_generate_messages_nodejs
[ 11%] [32mBuilding CXX object CMakeFiles/circle_det_node.dir/src/main.cpp.o[0m
[ 11%] Built target _circle_det_generate_messages_check_deps_circles
[ 33%] Built target circle_det_generate_messages_py
[ 44%] Built target circle_det_generate_messages_cpp
[ 55%] Built target circle_det_generate_messages_lisp
[ 66%] Built target circle_det_generate_messages_nodejs
[ 88%] Built target circle_det_generate_messages_eus
[ 88%] Built target circle_det_generate_messages
[100%] [32m[1mLinking CXX executable /home/fractal-wsl/fly/devel/.private/circle_det/lib/circle_det/circle_det_node[0m
[100%] Built target circle_det_node
