[  0%] Built target geometry_msgs_generate_messages_cpp
[  0%] Built target std_msgs_generate_messages_py
[  0%] Built target geometry_msgs_generate_messages_py
[  0%] Built target std_msgs_generate_messages_cpp
[  0%] Built target geometry_msgs_generate_messages_eus
[  0%] Built target std_msgs_generate_messages_eus
[  0%] Built target std_msgs_generate_messages_lisp
[  0%] Built target std_msgs_generate_messages_nodejs
[  0%] Built target geometry_msgs_generate_messages_lisp
[ 11%] [32mBuilding CXX object CMakeFiles/circle_det_node.dir/src/main.cpp.o[0m
[ 11%] Built target geometry_msgs_generate_messages_nodejs
[ 11%] Built target _circle_det_generate_messages_check_deps_circles
[ 22%] [34m[1mGenerating C++ code from circle_det/circles.msg[0m
[ 33%] [34m[1mGenerating Python from MSG circle_det/circles[0m
[ 44%] [34m[1mGenerating Javascript code from circle_det/circles.msg[0m
[ 55%] [34m[1mGenerating EusLisp code from circle_det/circles.msg[0m
[ 77%] [34m[1mGenerating EusLisp manifest code for circle_det[0m
[ 77%] [34m[1mGenerating Lisp code from circle_det/circles.msg[0m
[ 77%] Built target circle_det_generate_messages_lisp
[ 77%] Built target circle_det_generate_messages_nodejs
[ 77%] Built target circle_det_generate_messages_cpp
[ 88%] [34m[1mGenerating Python msg __init__.py for circle_det[0m
[ 88%] Built target circle_det_generate_messages_py
[ 88%] Built target circle_det_generate_messages_eus
[ 88%] Built target circle_det_generate_messages
[01m[K/home/fractal-wsl/fly/src/circle_det/src/main.cpp:[m[K In function ‘[01m[Kvoid cloud_cb(const PointCloud2ConstPtr&)[m[K’:
[01m[K/home/fractal-wsl/fly/src/circle_det/src/main.cpp:28:50:[m[K [01;31m[Kerror: [m[Klvalue required as left operand of assignment
   28 |     if (state.data==3||state.data=4||state.data==[01;31m[K5[m[K)
      |                                                  [01;31m[K^[m[K
make[2]: *** [CMakeFiles/circle_det_node.dir/build.make:76：CMakeFiles/circle_det_node.dir/src/main.cpp.o] 错误 1
make[1]: *** [CMakeFiles/Makefile2:2713：CMakeFiles/circle_det_node.dir/all] 错误 2
make: *** [Makefile:146：all] 错误 2
